<?xml version="1.0" encoding="UTF-8"?>
<!-- Generated by org.testng.reporters.JUnitReportReporter -->
<testsuite hostname="DESKTOP-U24SEE7" failures="0" tests="1" name="ShoppingProducts.AutomationTestingScripts" time="117.753" errors="0" timestamp="16 Mar 2021 11:09:32 GMT" skipped="0">
  <testcase classname="ShoppingProducts.AutomationTestingScripts" name="openOnecognizantPortal" time="117.753"/>
</testsuite> <!-- ShoppingProducts.AutomationTestingScripts -->
